<?xml version="1.0" encoding="UTF-8"?>
<testsuite name="loginTest" tests="1" skipped="0" failures="0" errors="0" timestamp="2021-04-28T22:39:29" hostname="Kyles-Thinkpad" time="0.002">
  <properties/>
  <testcase name="connect" classname="loginTest" time="0.002"/>
  <system-out><![CDATA[]]></system-out>
  <system-err><![CDATA[]]></system-err>
</testsuite>
