<?xml version="1.0" encoding="UTF-8"?>
<testsuite name="userGrabTest" tests="1" skipped="0" failures="0" errors="0" timestamp="2021-04-28T22:39:29" hostname="Kyles-Thinkpad" time="0.004">
  <properties/>
  <testcase name="grab" classname="userGrabTest" time="0.004"/>
  <system-out><![CDATA[]]></system-out>
  <system-err><![CDATA[]]></system-err>
</testsuite>
