<?xml version="1.0" encoding="UTF-8"?>
<testsuite name="runnerTest" tests="4" skipped="0" failures="0" errors="0" timestamp="2021-04-29T17:37:03" hostname="Kyles-Thinkpad" time="0.005">
  <properties/>
  <testcase name="getDistance" classname="runnerTest" time="0.003"/>
  <testcase name="getInOrOut" classname="runnerTest" time="0.0"/>
  <testcase name="getDoesCompete" classname="runnerTest" time="0.0"/>
  <testcase name="getDistanceOrSprint" classname="runnerTest" time="0.0"/>
  <system-out><![CDATA[]]></system-out>
  <system-err><![CDATA[]]></system-err>
</testsuite>
