<?xml version="1.0" encoding="UTF-8"?>
<testsuite name="userTest" tests="6" skipped="0" failures="0" errors="0" timestamp="2021-04-29T14:38:52" hostname="Kyles-Thinkpad" time="0.002">
  <properties/>
  <testcase name="getPhoneNumber" classname="userTest" time="0.001"/>
  <testcase name="getFirstNameTest" classname="userTest" time="0.0"/>
  <testcase name="getBirthdayMonth" classname="userTest" time="0.0"/>
  <testcase name="getBirthdayYear" classname="userTest" time="0.0"/>
  <testcase name="getGender" classname="userTest" time="0.0"/>
  <testcase name="getBirthdayDay" classname="userTest" time="0.001"/>
  <system-out><![CDATA[]]></system-out>
  <system-err><![CDATA[]]></system-err>
</testsuite>
